d:\_svn\inpe-em\branches\diego\project1\project1\debug\vc140.pdb
d:\_svn\inpe-em\branches\diego\project1\project1\debug\stdafx.obj
d:\_svn\inpe-em\branches\diego\project1\project1\debug\source.obj
d:\_svn\inpe-em\branches\diego\project1\project1\debug\novomodelo.obj
d:\_svn\inpe-em\branches\diego\project1\project1\debug\myform.obj
d:\_svn\inpe-em\branches\diego\project1\project1\debug\languageform.obj
d:\_svn\inpe-em\branches\diego\project1\project1\debug\aboutform.obj
d:\_svn\inpe-em\branches\diego\project1\project1\debug\.netframework,version=v4.5.2.assemblyattributes.obj
d:\_svn\inpe-em\branches\diego\project1\project1\debug\.netframework,version=v4.5.2.assemblyattributes.asm
d:\_svn\inpe-em\branches\diego\project1\project1\debug\inpeem.aboutform.resources
d:\_svn\inpe-em\branches\diego\project1\project1\debug\inpeem.languageform.resources
d:\_svn\inpe-em\branches\diego\project1\project1\debug\inpeem.myform.resources
d:\_svn\inpe-em\branches\diego\project1\project1\debug\inpeem.novomodelo.resources
d:\_svn\inpe-em\branches\diego\project1\project1\debug\project1.vcxproj.generateresource.cache
d:\_svn\inpe-em\branches\diego\project1\project1\debug\project1.vcxprojresolveassemblyreference.cache
d:\_svn\inpe-em\branches\diego\project1\project1\debug\inpe-em.tlog\cl.command.1.tlog
d:\_svn\inpe-em\branches\diego\project1\project1\debug\inpe-em.tlog\cl.read.1.tlog
d:\_svn\inpe-em\branches\diego\project1\project1\debug\inpe-em.tlog\cl.write.1.tlog
d:\_svn\inpe-em\branches\diego\project1\project1\debug\inpe-em.tlog\inpe-em.write.1u.tlog
d:\_svn\inpe-em\branches\diego\project1\project1\debug\inpe-em.tlog\metagen.read.1.tlog
d:\_svn\inpe-em\branches\diego\project1\project1\debug\inpe-em.tlog\metagen.write.1.tlog
d:\_svn\inpe-em\branches\diego\project1\project1\debug\inpe-em.tlog\rc.command.1.tlog
d:\_svn\inpe-em\branches\diego\project1\project1\debug\inpe-em.tlog\rc.read.1.tlog
d:\_svn\inpe-em\branches\diego\project1\project1\debug\inpe-em.tlog\rc.write.1.tlog
d:\_svn\inpe-em\branches\diego\project1\project1\debug\inpe-em.tlog\tzres.dll.bi
