
Executing non-spatial mode...

Initializing Model
1960
--------------------------------------------
Biomassa: 233
--------------------------------------------
1960	Executing SV - mode:non_spatial
1960
1960
1961
--------------------------------------------
Biomassa: 233
--------------------------------------------
1961	Executing SV - mode:non_spatial
1961
1961
1962
--------------------------------------------
Biomassa: 233
--------------------------------------------
1962	Executing SV - mode:non_spatial
1962
1962
1963
--------------------------------------------
Biomassa: 233
--------------------------------------------
1963	Executing SV - mode:non_spatial
1963
1963
1964
--------------------------------------------
Biomassa: 233
--------------------------------------------
1964	Executing SV - mode:non_spatial
1964
1964
1965
--------------------------------------------
Biomassa: 233
--------------------------------------------
1965	Executing SV - mode:non_spatial
1965
1965
1966
--------------------------------------------
Biomassa: 233
--------------------------------------------
1966	Executing SV - mode:non_spatial
1966
1966
1967
--------------------------------------------
Biomassa: 233
--------------------------------------------
1967	Executing SV - mode:non_spatial
1967
1967
1968
--------------------------------------------
Biomassa: 233
--------------------------------------------
1968	Executing SV - mode:non_spatial
1968
1968
1969
--------------------------------------------
Biomassa: 233
--------------------------------------------
1969	Executing SV - mode:non_spatial
1969
1969
1970
--------------------------------------------
Biomassa: 233
--------------------------------------------
1970	Executing SV - mode:non_spatial
1970
1970
1971
--------------------------------------------
Biomassa: 233
--------------------------------------------
1971	Executing SV - mode:non_spatial
1971
1971
1972
--------------------------------------------
Biomassa: 233
--------------------------------------------
1972	Executing SV - mode:non_spatial
1972
1972
1973
--------------------------------------------
Biomassa: 233
--------------------------------------------
1973	Executing SV - mode:non_spatial
1973
1973
1974
--------------------------------------------
Biomassa: 233
--------------------------------------------
1974	Executing SV - mode:non_spatial
1974
1974
1975
--------------------------------------------
Biomassa: 233
--------------------------------------------
1975	Executing SV - mode:non_spatial
1975
1975
1976
--------------------------------------------
Biomassa: 233
--------------------------------------------
1976	Executing SV - mode:non_spatial
1976
1976
1977
--------------------------------------------
Biomassa: 233
--------------------------------------------
1977	Executing SV - mode:non_spatial
1977
1977
1978
--------------------------------------------
Biomassa: 233
--------------------------------------------
1978	Executing SV - mode:non_spatial
1978
1978
1979
--------------------------------------------
Biomassa: 233
--------------------------------------------
1979	Executing SV - mode:non_spatial
1979
1979
1980
--------------------------------------------
Biomassa: 232.94915026736
--------------------------------------------
1980	Executing SV - mode:non_spatial
1980
1980
1981
--------------------------------------------
Biomassa: 232.89827941709
--------------------------------------------
1981	Executing SV - mode:non_spatial
1981
1981
1982
--------------------------------------------
Biomassa: 232.84739057801
--------------------------------------------
1982	Executing SV - mode:non_spatial
1982
1982
1983
--------------------------------------------
Biomassa: 232.79648079117
--------------------------------------------
1983	Executing SV - mode:non_spatial
1983
1983
1984
--------------------------------------------
Biomassa: 232.74554709188
--------------------------------------------
1984	Executing SV - mode:non_spatial
1984
1984
1985
--------------------------------------------
Biomassa: 232.69458647922
--------------------------------------------
1985	Executing SV - mode:non_spatial
1985
1985
1986
--------------------------------------------
Biomassa: 232.64359591501
--------------------------------------------
1986	Executing SV - mode:non_spatial
1986
1986
1987
--------------------------------------------
Biomassa: 232.59257232287
--------------------------------------------
1987	Executing SV - mode:non_spatial
1987
1987
1988
--------------------------------------------
Biomassa: 232.54151258714
--------------------------------------------
1988	Executing SV - mode:non_spatial
1988
1988
1989
--------------------------------------------
Biomassa: 232.4904135519
--------------------------------------------
1989	Executing SV - mode:non_spatial
1989
1989
1990
--------------------------------------------
Biomassa: 232.43932254348
--------------------------------------------
1990	Executing SV - mode:non_spatial
1990
1990
1991
--------------------------------------------
Biomassa: 232.3882980259
--------------------------------------------
1991	Executing SV - mode:non_spatial
1991
1991
1992
--------------------------------------------
Biomassa: 232.33737790831
--------------------------------------------
1992	Executing SV - mode:non_spatial
1992
1992
1993
--------------------------------------------
Biomassa: 232.28651481517
--------------------------------------------
1993	Executing SV - mode:non_spatial
1993
1993
1994
--------------------------------------------
Biomassa: 232.23569138439
--------------------------------------------
1994	Executing SV - mode:non_spatial
1994
1994
1995
--------------------------------------------
Biomassa: 232.18490664201
--------------------------------------------
1995	Executing SV - mode:non_spatial
1995
1995
1996
--------------------------------------------
Biomassa: 232.13392392357
--------------------------------------------
1996	Executing SV - mode:non_spatial
1996
1996
1997
--------------------------------------------
Biomassa: 232.08293632714
--------------------------------------------
1997	Executing SV - mode:non_spatial
1997
1997
1998
--------------------------------------------
Biomassa: 232.03201301391
--------------------------------------------
1998	Executing SV - mode:non_spatial
1998
1998
1999
--------------------------------------------
Biomassa: 231.98107439082
--------------------------------------------
1999	Executing SV - mode:non_spatial
1999
1999
2000
--------------------------------------------
Biomassa: 231.93012543738
--------------------------------------------
2000	Executing SV - mode:non_spatial
2000
2000
2001
--------------------------------------------
Biomassa: 231.8791462186
--------------------------------------------
2001	Executing SV - mode:non_spatial
2001
2001
2002
--------------------------------------------
Biomassa: 231.8281363932
--------------------------------------------
2002	Executing SV - mode:non_spatial
2002
2002
2003
--------------------------------------------
Biomassa: 231.77702924097
--------------------------------------------
2003	Executing SV - mode:non_spatial
2003
2003
2004
--------------------------------------------
Biomassa: 231.72575671795
--------------------------------------------
2004	Executing SV - mode:non_spatial
2004
2004
2005
--------------------------------------------
Biomassa: 231.67427466228
--------------------------------------------
2005	Executing SV - mode:non_spatial
2005
2005
2006
--------------------------------------------
Biomassa: 231.68086593898
--------------------------------------------
2006	Executing SV - mode:non_spatial
2006
2006
2007
--------------------------------------------
Biomassa: 231.68745721568
--------------------------------------------
2007	Executing SV - mode:non_spatial
2007
2007
2008
--------------------------------------------
Biomassa: 231.69404849238
--------------------------------------------
2008	Executing SV - mode:non_spatial
2008
2008
2009
--------------------------------------------
Biomassa: 231.70063976908
--------------------------------------------
2009	Executing SV - mode:non_spatial
2009
2009
2010
--------------------------------------------
Biomassa: 231.70723104578
--------------------------------------------
2010	Executing SV - mode:non_spatial
2010
2010
2011
--------------------------------------------
Biomassa: 231.71382232248
--------------------------------------------
2011	Executing SV - mode:non_spatial
2011
2011
2012
--------------------------------------------
Biomassa: 231.72041359918
--------------------------------------------
2012	Executing SV - mode:non_spatial
2012
2012
2013
--------------------------------------------
Biomassa: 231.72700487587
--------------------------------------------
2013	Executing SV - mode:non_spatial
2013
2013
2014
--------------------------------------------
Biomassa: 231.73359615257
--------------------------------------------
2014	Executing SV - mode:non_spatial
2014
2014

________________________________________________________________________________________________________

INPE-EM TOTAL RESULTS
________________________________________________________________________________________________________

MODEL NAME = amzEMNS
MODEL MODE = non_spatial
SUBMODELS => Biomass = b3, Deforest = d, Vegetation Removal = vr, Secondary Vegetation = sv, Degrad = dg

________________________________________________________________________________________________________

Year 	D_AreaAcc 	D_Area 	DEGRAD_Area 	-	 	 	VR_CO2_1stOrder 	VR_CO2_2ndOrder 	SV_CO2Emission 	SV_CO2Absorption 	-	 	 	DEGRAD_CO2Emission 	DEGRAD_CO2Absorption 	-	 	 	NET_1st_Order 	NET_2nd_Order
1960
1961
1962
1963
1964
1965
1966
1967
1968
1969
1970
1971
1972
1973
1974
1975
1976
1977
1978
1979
1980
1981
1982
1983
1984
1985
1986
1987
1988
1989
1990
1991
1992
1993
1994
1995
1996
1997
1998
1999
2000
2001
2002
2003
2004
2005
2006
2007
2008
2009
2010
2011
2012
2013
2014

(OBS: area in hecatares, CO2 in MtonCO2(= 10 12 g), other gases in CO2Eq)



Executing spatial mode...

Initializing Model
2006
2006
2006
2006
2006
2006
--------------------------------------------
Biomassa: 178.980266725
--------------------------------------------
2006	Executing SV - mode:spatial
2006
2006
2007
--------------------------------------------
Biomassa: 178.98287845
--------------------------------------------
2007	Executing SV - mode:spatial
2007
2007
2008
--------------------------------------------
Biomassa: 178.985490175
--------------------------------------------
2008	Executing SV - mode:spatial
2008
2008
2009
--------------------------------------------
Biomassa: 178.9881019
--------------------------------------------
2009	Executing SV - mode:spatial
2009
2009
2010
--------------------------------------------
Biomassa: 178.990713625
--------------------------------------------
2010	Executing SV - mode:spatial
2010
2010
2011
--------------------------------------------
Biomassa: 178.99332535
--------------------------------------------
2011	Executing SV - mode:spatial
2011
2011
2012
--------------------------------------------
Biomassa: 178.995937075
--------------------------------------------
2012	Executing SV - mode:spatial
2012
2012
2013
--------------------------------------------
Biomassa: 178.9985488
--------------------------------------------
2013	Executing SV - mode:spatial
2013
2013
2014
--------------------------------------------
Biomassa: 179.001160525
--------------------------------------------
2014	Executing SV - mode:spatial
2014
2014

________________________________________________________________________________________________________

INPE-EM TOTAL RESULTS
________________________________________________________________________________________________________

MODEL NAME = amzEMS
MODEL MODE = spatial
SUBMODELS => Biomass = b3, Deforest = d, Vegetation Removal = vr, Secondary Vegetation = sv, Degrad = dg

________________________________________________________________________________________________________

Year 	D_AreaAcc 	D_Area 	DEGRAD_Area 	-	 	 	VR_CO2_1stOrder 	VR_CO2_2ndOrder 	SV_CO2Emission 	SV_CO2Absorption 	-	 	 	DEGRAD_CO2Emission 	DEGRAD_CO2Absorption 	-	 	 	NET_1st_Order 	NET_2nd_Order
2006
2007
2008
2009
2010
2011
2012
2013
2014

(OBS: area in hecatares, CO2 in MtonCO2(= 10 12 g), other gases in CO2Eq)



Combining spatial and non-spatial results...

________________________________________________________________________________________________________

INPE-EM TOTAL RESULTS
________________________________________________________________________________________________________

MODEL NAME = amzEM
MODEL MODE = combine
SUBMODELS => Biomass = b3, Deforest = d, Vegetation Removal = vr, Secondary Vegetation = sv, Degrad = dg

________________________________________________________________________________________________________

Year 	D_AreaAcc 	D_Area 	DEGRAD_Area 	-	 	 	VR_CO2_1stOrder 	VR_CO2_2ndOrder 	SV_CO2Emission 	SV_CO2Absorption 	-	 	 	DEGRAD_CO2Emission 	DEGRAD_CO2Absorption 	-	 	 	NET_1st_Order 	NET_2nd_Order
1960
1961
1962
1963
1964
1965
1966
1967
1968
1969
1970
1971
1972
1973
1974
1975
1976
1977
1978
1979
1980
1981
1982
1983
1984
1985
1986
1987
1988
1989
1990
1991
1992
1993
1994
1995
1996
1997
1998
1999
2000
2001
2002
2003
2004
2005
2006
2007
2008
2009
2010
2011
2012
2013
2014

(OBS: area in hecatares, CO2 in MtonCO2(= 10 12 g), other gases in CO2Eq)



Elapsed time : 00 : 02 : 31 hh : mm:ss

End of Script
Checking amzEM_results.txt
Ok!
Checking amzEMS_results.txt
Ok!
Checking amzEMNS_results.txt
Ok!
